# JRE version: OpenJDK Runtime Environment Temurin-17.0.9+9 (17.0.9+9) (build 17.0.9+9)
# Java VM: OpenJDK 64-Bit Server VM Temurin-17.0.9+9 (17.0.9+9, mixed mode, emulated-client, tiered, compressed oops, compressed class ptrs, g1 gc, linux-amd64)
GC Precious Log:
 CPUs: 16 total, 16 available
 Memory: 15765M
 Large Page Support: Disabled
 NUMA Support: Disabled
 Compressed Oops: Enabled (Zero based)
 Heap Region Size: 2M
 Heap Min Capacity: 8M
 Heap Initial Capacity: 248M
 Heap Max Capacity: 3942M
 Pre-touch: Disabled
 Parallel Workers: 13
 Concurrent Workers: 3
 Concurrent Refinement Workers: 13
 Periodic GC: Disabled
Heap:
 garbage-first heap   total 143360K, used 54000K [0x0000000709a00000, 0x0000000800000000)
  region size 2048K, 5 young (10240K), 4 survivors (8192K)
 Metaspace       used 88950K, committed 89536K, reserved 1179648K
  class space    used 12251K, committed 12544K, reserved 1048576K
GC Heap History (20 events):
Event: 348,768 GC heap before
{Heap before GC invocations=32 (full 1):
 garbage-first heap   total 151552K, used 60720K [0x0000000709a00000, 0x0000000800000000)
  region size 2048K, 8 young (16384K), 3 survivors (6144K)
 Metaspace       used 88356K, committed 89024K, reserved 1179648K
  class space    used 12205K, committed 12544K, reserved 1048576K
}
Event: 348,798 GC heap after
{Heap after GC invocations=33 (full 2):
 garbage-first heap   total 143360K, used 35891K [0x0000000709a00000, 0x0000000800000000)
  region size 2048K, 0 young (0K), 0 survivors (0K)
 Metaspace       used 87840K, committed 89024K, reserved 1179648K
  class space    used 12095K, committed 12544K, reserved 1048576K
}
Event: 349,752 GC heap before
{Heap before GC invocations=33 (full 2):
 garbage-first heap   total 143360K, used 109619K [0x0000000709a00000, 0x0000000800000000)
  region size 2048K, 36 young (73728K), 0 survivors (0K)
 Metaspace       used 87944K, committed 89024K, reserved 1179648K
  class space    used 12110K, committed 12544K, reserved 1048576K
}
Event: 349,755 GC heap after
{Heap after GC invocations=34 (full 2):
 garbage-first heap   total 143360K, used 42534K [0x0000000709a00000, 0x0000000800000000)
  region size 2048K, 4 young (8192K), 4 survivors (8192K)
 Metaspace       used 87944K, committed 89024K, reserved 1179648K
  class space    used 12110K, committed 12544K, reserved 1048576K
}
Event: 349,981 GC heap before
{Heap before GC invocations=34 (full 2):
 garbage-first heap   total 143360K, used 108070K [0x0000000709a00000, 0x0000000800000000)
  region size 2048K, 36 young (73728K), 4 survivors (8192K)
 Metaspace       used 88142K, committed 89024K, reserved 1179648K
  class space    used 12125K, committed 12544K, reserved 1048576K
}
Event: 349,983 GC heap after
{Heap after GC invocations=35 (full 2):
 garbage-first heap   total 143360K, used 46309K [0x0000000709a00000, 0x0000000800000000)
  region size 2048K, 3 young (6144K), 3 survivors (6144K)
 Metaspace       used 88142K, committed 89024K, reserved 1179648K
  class space    used 12125K, committed 12544K, reserved 1048576K
}
Event: 350,175 GC heap before
{Heap before GC invocations=35 (full 2):
 garbage-first heap   total 143360K, used 107749K [0x0000000709a00000, 0x0000000800000000)
  region size 2048K, 33 young (67584K), 3 survivors (6144K)
 Metaspace       used 88142K, committed 89024K, reserved 1179648K
  class space    used 12125K, committed 12544K, reserved 1048576K
}
Event: 350,178 GC heap after
{Heap after GC invocations=36 (full 2):
 garbage-first heap   total 143360K, used 50055K [0x0000000709a00000, 0x0000000800000000)
  region size 2048K, 5 young (10240K), 5 survivors (10240K)
 Metaspace       used 88142K, committed 89024K, reserved 1179648K
  class space    used 12125K, committed 12544K, reserved 1048576K
}
Event: 685,230 GC heap before
{Heap before GC invocations=36 (full 2):
 garbage-first heap   total 143360K, used 107399K [0x0000000709a00000, 0x0000000800000000)
  region size 2048K, 33 young (67584K), 5 survivors (10240K)
 Metaspace       used 88225K, committed 89024K, reserved 1179648K
  class space    used 12140K, committed 12544K, reserved 1048576K
}
Event: 685,237 GC heap after
{Heap after GC invocations=37 (full 2):
 garbage-first heap   total 143360K, used 52868K [0x0000000709a00000, 0x0000000800000000)
  region size 2048K, 4 young (8192K), 4 survivors (8192K)
 Metaspace       used 88225K, committed 89024K, reserved 1179648K
  class space    used 12140K, committed 12544K, reserved 1048576K
}
Event: 740,102 GC heap before
{Heap before GC invocations=37 (full 2):
 garbage-first heap   total 143360K, used 59012K [0x0000000709a00000, 0x0000000800000000)
  region size 2048K, 8 young (16384K), 4 survivors (8192K)
 Metaspace       used 88348K, committed 89088K, reserved 1179648K
  class space    used 12164K, committed 12544K, reserved 1048576K
}
Event: 740,130 GC heap after
{Heap after GC invocations=38 (full 3):
 garbage-first heap   total 143360K, used 36415K [0x0000000709a00000, 0x0000000800000000)
  region size 2048K, 0 young (0K), 0 survivors (0K)
 Metaspace       used 88239K, committed 89088K, reserved 1179648K
  class space    used 12146K, committed 12544K, reserved 1048576K
}
Event: 740,551 GC heap before
{Heap before GC invocations=38 (full 3):
 garbage-first heap   total 143360K, used 110143K [0x0000000709a00000, 0x0000000800000000)
  region size 2048K, 36 young (73728K), 0 survivors (0K)
 Metaspace       used 88346K, committed 89088K, reserved 1179648K
  class space    used 12162K, committed 12544K, reserved 1048576K
}
Event: 740,554 GC heap after
{Heap after GC invocations=39 (full 3):
 garbage-first heap   total 143360K, used 43005K [0x0000000709a00000, 0x0000000800000000)
  region size 2048K, 4 young (8192K), 4 survivors (8192K)
 Metaspace       used 88346K, committed 89088K, reserved 1179648K
  class space    used 12162K, committed 12544K, reserved 1048576K
}
Event: 740,782 GC heap before
{Heap before GC invocations=39 (full 3):
 garbage-first heap   total 143360K, used 108541K [0x0000000709a00000, 0x0000000800000000)
  region size 2048K, 36 young (73728K), 4 survivors (8192K)
 Metaspace       used 88550K, committed 89216K, reserved 1179648K
  class space    used 12178K, committed 12544K, reserved 1048576K
}
Event: 740,784 GC heap after
{Heap after GC invocations=40 (full 3):
 garbage-first heap   total 143360K, used 46908K [0x0000000709a00000, 0x0000000800000000)
  region size 2048K, 3 young (6144K), 3 survivors (6144K)
 Metaspace       used 88550K, committed 89216K, reserved 1179648K
  class space    used 12178K, committed 12544K, reserved 1048576K
}
Event: 740,994 GC heap before
{Heap before GC invocations=40 (full 3):
 garbage-first heap   total 143360K, used 108348K [0x0000000709a00000, 0x0000000800000000)
  region size 2048K, 33 young (67584K), 3 survivors (6144K)
 Metaspace       used 88556K, committed 89216K, reserved 1179648K
  class space    used 12179K, committed 12544K, reserved 1048576K
}
Event: 740,996 GC heap after
{Heap after GC invocations=41 (full 3):
 garbage-first heap   total 143360K, used 50771K [0x0000000709a00000, 0x0000000800000000)
  region size 2048K, 5 young (10240K), 5 survivors (10240K)
 Metaspace       used 88556K, committed 89216K, reserved 1179648K
  class space    used 12179K, committed 12544K, reserved 1048576K
}
Event: 785,908 GC heap before
{Heap before GC invocations=41 (full 3):
 garbage-first heap   total 143360K, used 106067K [0x0000000709a00000, 0x0000000800000000)
  region size 2048K, 33 young (67584K), 5 survivors (10240K)
 Metaspace       used 88940K, committed 89536K, reserved 1179648K
  class space    used 12250K, committed 12544K, reserved 1048576K
}
Event: 785,911 GC heap after
{Heap after GC invocations=42 (full 3):
 garbage-first heap   total 143360K, used 54000K [0x0000000709a00000, 0x0000000800000000)
  region size 2048K, 4 young (8192K), 4 survivors (8192K)
 Metaspace       used 88940K, committed 89536K, reserved 1179648K
  class space    used 12250K, committed 12544K, reserved 1048576K
}

